{
  "RSpec": {
    "coverage": {
      "/Users/student/Google Drive/Coding/Makers/Week13/FarmdropTechTest/url-shortener-code-test/app.rb": [
        null,
        null,
        1,
        1,
        1,
        1,
        null,
        1,
        1,
        null,
        1,
        2,
        2,
        2,
        null,
        null,
        1,
        1,
        1,
        1,
        null,
        null,
        1,
        null
      ],
      "/Users/student/Google Drive/Coding/Makers/Week13/FarmdropTechTest/url-shortener-code-test/lib/url_handler.rb": [
        null,
        null,
        1,
        1,
        null,
        1,
        6,
        6,
        6,
        6,
        null,
        null,
        1,
        2,
        null,
        null,
        1,
        6,
        1,
        null,
        null,
        5,
        null,
        null,
        1,
        6,
        null,
        null,
        null
      ],
      "/Users/student/Google Drive/Coding/Makers/Week13/FarmdropTechTest/url-shortener-code-test/spec/app_spec.rb": [
        null,
        null,
        1,
        null,
        1,
        1,
        null,
        3,
        null,
        1,
        1,
        1,
        null,
        1,
        1,
        1,
        1,
        1,
        null,
        null,
        null,
        1,
        1,
        1,
        1,
        1,
        1,
        1,
        1,
        1,
        1,
        null,
        null,
        null
      ],
      "/Users/student/Google Drive/Coding/Makers/Week13/FarmdropTechTest/url-shortener-code-test/spec/url_handler_spec.rb": [
        null,
        null,
        1,
        1,
        null,
        1,
        1,
        1,
        1,
        1,
        null,
        null,
        1,
        1,
        1,
        null,
        null,
        1,
        1,
        1,
        null,
        null,
        null,
        1,
        1,
        1,
        1,
        1,
        null,
        null,
        null
      ]
    },
    "timestamp": 1576112631
  }
}
