{
  "RSpec": {
    "coverage": {
      "/Users/student/Google Drive/Coding/Makers/Week13/FarmdropTechTest/url-shortener-code-test/app.rb": [
        null,
        null,
        1,
        1,
        1,
        1,
        null,
        1,
        1,
        null,
        1,
        2,
        null,
        null,
        1,
        1,
        1,
        1,
        null,
        null,
        1,
        null
      ],
      "/Users/student/Google Drive/Coding/Makers/Week13/FarmdropTechTest/url-shortener-code-test/lib/url_handler.rb": [
        null,
        null,
        1,
        1,
        null,
        1,
        5,
        5,
        5,
        5,
        null,
        null,
        1,
        0,
        null,
        null,
        1,
        5,
        1,
        null,
        null,
        4,
        null,
        null,
        1,
        5,
        null,
        null,
        1,
        null
      ],
      "/Users/student/Google Drive/Coding/Makers/Week13/FarmdropTechTest/url-shortener-code-test/spec/app_spec.rb": [
        null,
        null,
        1,
        null,
        1,
        1,
        null,
        4,
        null,
        null,
        1,
        1,
        1,
        1,
        null,
        null,
        1,
        1,
        1,
        null,
        null,
        null,
        1,
        1,
        1,
        null,
        1,
        1,
        1,
        1,
        1,
        null,
        null,
        null,
        null,
        null
      ],
      "/Users/student/Google Drive/Coding/Makers/Week13/FarmdropTechTest/url-shortener-code-test/spec/url_handler_spec.rb": [
        null,
        null,
        1,
        1,
        null,
        1,
        1,
        1,
        1,
        1,
        null,
        null,
        1,
        1,
        1,
        null,
        null,
        1,
        1,
        1,
        null,
        null,
        null,
        1,
        1,
        1,
        1,
        0,
        null,
        null,
        null
      ]
    },
    "timestamp": 1576108620
  }
}
